<?xml version="1.0" encoding="UTF-8"?>
<testng-results ignored="0" total="1" passed="0" failed="1" skipped="0">
  <reporter-output>
  </reporter-output>
  <suite started-at="2021-09-21T14:07:32 IST" name="Default suite" finished-at="2021-09-21T14:07:46 IST" duration-ms="14288">
    <groups>
      <group name="SmokeSuite">
        <method signature="TC_18_SendingAMailToSelectedContact.sendaaMailToSelectedContact()[pri:0, instance:com.crm.autodesk.ContactTest.TC_18_SendingAMailToSelectedContact@795509d9]" name="sendaaMailToSelectedContact" class="com.crm.autodesk.ContactTest.TC_18_SendingAMailToSelectedContact"/>
      </group> <!-- SmokeSuite -->
      <group name="RegresionSuite">
        <method signature="TC_18_SendingAMailToSelectedContact.sendaaMailToSelectedContact()[pri:0, instance:com.crm.autodesk.ContactTest.TC_18_SendingAMailToSelectedContact@795509d9]" name="sendaaMailToSelectedContact" class="com.crm.autodesk.ContactTest.TC_18_SendingAMailToSelectedContact"/>
      </group> <!-- RegresionSuite -->
    </groups>
    <test started-at="2021-09-21T14:07:32 IST" name="Default test" finished-at="2021-09-21T14:07:46 IST" duration-ms="14288">
      <class name="com.crm.autodesk.ContactTest.TC_18_SendingAMailToSelectedContact">
        <test-method is-config="true" signature="connectDB()[pri:0, instance:com.crm.autodesk.ContactTest.TC_18_SendingAMailToSelectedContact@795509d9]" started-at="2021-09-21T14:07:32 IST" name="connectDB" finished-at="2021-09-21T14:07:32 IST" duration-ms="8" status="PASS">
          <reporter-output>
          </reporter-output>
        </test-method> <!-- connectDB -->
        <test-method is-config="true" signature="launchBrowser()[pri:0, instance:com.crm.autodesk.ContactTest.TC_18_SendingAMailToSelectedContact@795509d9]" started-at="2021-09-21T14:07:32 IST" name="launchBrowser" finished-at="2021-09-21T14:07:36 IST" duration-ms="3452" status="PASS">
          <reporter-output>
          </reporter-output>
        </test-method> <!-- launchBrowser -->
        <test-method is-config="true" signature="loginToApp()[pri:0, instance:com.crm.autodesk.ContactTest.TC_18_SendingAMailToSelectedContact@795509d9]" started-at="2021-09-21T14:07:36 IST" name="loginToApp" finished-at="2021-09-21T14:07:39 IST" duration-ms="3092" status="PASS">
          <reporter-output>
          </reporter-output>
        </test-method> <!-- loginToApp -->
        <test-method signature="sendaaMailToSelectedContact()[pri:0, instance:com.crm.autodesk.ContactTest.TC_18_SendingAMailToSelectedContact@795509d9]" started-at="2021-09-21T14:07:39 IST" name="sendaaMailToSelectedContact" finished-at="2021-09-21T14:07:44 IST" duration-ms="5154" status="FAIL">
          <exception class="java.lang.IndexOutOfBoundsException">
            <message>
              <![CDATA[Index 2 out of bounds for length 1]]>
            </message>
            <full-stacktrace>
              <![CDATA[java.lang.IndexOutOfBoundsException: Index 2 out of bounds for length 1
at java.base/jdk.internal.util.Preconditions.outOfBounds(Preconditions.java:64)
at java.base/jdk.internal.util.Preconditions.outOfBoundsCheckIndex(Preconditions.java:70)
at java.base/jdk.internal.util.Preconditions.checkIndex(Preconditions.java:266)
at java.base/java.util.Objects.checkIndex(Objects.java:359)
at java.base/java.util.ArrayList.get(ArrayList.java:427)
at java.base/jdk.internal.reflect.NativeMethodAccessorImpl.invoke0(Native Method)
at java.base/jdk.internal.reflect.NativeMethodAccessorImpl.invoke(NativeMethodAccessorImpl.java:78)
at java.base/jdk.internal.reflect.DelegatingMethodAccessorImpl.invoke(DelegatingMethodAccessorImpl.java:43)
at java.base/java.lang.reflect.Method.invoke(Method.java:567)
at org.openqa.selenium.support.pagefactory.internal.LocatingElementListHandler.invoke(LocatingElementListHandler.java:40)
at jdk.proxy2/jdk.proxy2.$Proxy22.get(Unknown Source)
at com.crm.autodesk.objectRepositry.ContactsPage.clickonthirdcheckbox(ContactsPage.java:131)
at com.crm.autodesk.ContactTest.TC_18_SendingAMailToSelectedContact.sendaaMailToSelectedContact(TC_18_SendingAMailToSelectedContact.java:30)
at java.base/jdk.internal.reflect.NativeMethodAccessorImpl.invoke0(Native Method)
at java.base/jdk.internal.reflect.NativeMethodAccessorImpl.invoke(NativeMethodAccessorImpl.java:78)
at java.base/jdk.internal.reflect.DelegatingMethodAccessorImpl.invoke(DelegatingMethodAccessorImpl.java:43)
at java.base/java.lang.reflect.Method.invoke(Method.java:567)
at org.testng.internal.MethodInvocationHelper.invokeMethod(MethodInvocationHelper.java:133)
at org.testng.internal.TestInvoker.invokeMethod(TestInvoker.java:598)
at org.testng.internal.TestInvoker.invokeTestMethod(TestInvoker.java:173)
at org.testng.internal.MethodRunner.runInSequence(MethodRunner.java:46)
at org.testng.internal.TestInvoker$MethodInvocationAgent.invoke(TestInvoker.java:824)
at org.testng.internal.TestInvoker.invokeTestMethods(TestInvoker.java:146)
at org.testng.internal.TestMethodWorker.invokeTestMethods(TestMethodWorker.java:146)
at org.testng.internal.TestMethodWorker.run(TestMethodWorker.java:128)
at java.base/java.util.ArrayList.forEach(ArrayList.java:1511)
at org.testng.TestRunner.privateRun(TestRunner.java:794)
at org.testng.TestRunner.run(TestRunner.java:596)
at org.testng.SuiteRunner.runTest(SuiteRunner.java:377)
at org.testng.SuiteRunner.runSequentially(SuiteRunner.java:371)
at org.testng.SuiteRunner.privateRun(SuiteRunner.java:332)
at org.testng.SuiteRunner.run(SuiteRunner.java:276)
at org.testng.SuiteRunnerWorker.runSuite(SuiteRunnerWorker.java:53)
at org.testng.SuiteRunnerWorker.run(SuiteRunnerWorker.java:96)
at org.testng.TestNG.runSuitesSequentially(TestNG.java:1212)
at org.testng.TestNG.runSuitesLocally(TestNG.java:1134)
at org.testng.TestNG.runSuites(TestNG.java:1063)
at org.testng.TestNG.run(TestNG.java:1031)
at org.testng.remote.AbstractRemoteTestNG.run(AbstractRemoteTestNG.java:115)
at org.testng.remote.RemoteTestNG.initAndRun(RemoteTestNG.java:251)
at org.testng.remote.RemoteTestNG.main(RemoteTestNG.java:77)
]]>
            </full-stacktrace>
          </exception> <!-- java.lang.IndexOutOfBoundsException -->
          <reporter-output>
          </reporter-output>
        </test-method> <!-- sendaaMailToSelectedContact -->
        <test-method is-config="true" signature="logoutofApp()[pri:0, instance:com.crm.autodesk.ContactTest.TC_18_SendingAMailToSelectedContact@795509d9]" started-at="2021-09-21T14:07:44 IST" name="logoutofApp" finished-at="2021-09-21T14:07:46 IST" duration-ms="1962" status="PASS">
          <reporter-output>
          </reporter-output>
        </test-method> <!-- logoutofApp -->
        <test-method is-config="true" signature="closeBrowser()[pri:0, instance:com.crm.autodesk.ContactTest.TC_18_SendingAMailToSelectedContact@795509d9]" started-at="2021-09-21T14:07:46 IST" name="closeBrowser" finished-at="2021-09-21T14:07:46 IST" duration-ms="92" status="PASS">
          <reporter-output>
          </reporter-output>
        </test-method> <!-- closeBrowser -->
        <test-method is-config="true" signature="closeDB()[pri:0, instance:com.crm.autodesk.ContactTest.TC_18_SendingAMailToSelectedContact@795509d9]" started-at="2021-09-21T14:07:47 IST" name="closeDB" finished-at="2021-09-21T14:07:47 IST" duration-ms="0" status="PASS">
          <reporter-output>
          </reporter-output>
        </test-method> <!-- closeDB -->
      </class> <!-- com.crm.autodesk.ContactTest.TC_18_SendingAMailToSelectedContact -->
    </test> <!-- Default test -->
  </suite> <!-- Default suite -->
</testng-results>
