<?xml version="1.0" encoding="UTF-8"?>
<!-- Generated by org.testng.reporters.JUnitXMLReporter -->
<testsuite ignored="8" hostname="LAPTOP-QMGPGMLP" failures="2" tests="5" name="Test" time="82.436" errors="0" timestamp="2021-09-21T14:01:13 IST">
  <testcase classname="com.crm.autodesk.ContactTest.TC_19_SendmailwithoutSelectContact" name="sendmailWithoutClickContact" time="5.428"/>
  <testcase classname="com.crm.autodesk.ContactTest.TC_16_ViewContact" name="ViewContact" time="5.499"/>
  <testcase classname="com.crm.autodesk.ContactTest.TC_20_SendiningmaleMultipleContactse" name="sendAMailToSelectedContact" time="8.823"/>
  <testcase classname="com.crm.autodesk.ContactTest.TC_17_selectOneContactclickDuplicateBtn" name="ViewContact" time="4.781">
    <failure type="java.lang.IndexOutOfBoundsException" message="Index 2 out of bounds for length 1">
      <![CDATA[java.lang.IndexOutOfBoundsException: Index 2 out of bounds for length 1
at java.base/jdk.internal.util.Preconditions.outOfBounds(Preconditions.java:64)
at java.base/jdk.internal.util.Preconditions.outOfBoundsCheckIndex(Preconditions.java:70)
at java.base/jdk.internal.util.Preconditions.checkIndex(Preconditions.java:266)
at java.base/java.util.Objects.checkIndex(Objects.java:359)
at java.base/java.util.ArrayList.get(ArrayList.java:427)
at org.openqa.selenium.support.pagefactory.internal.LocatingElementListHandler.invoke(LocatingElementListHandler.java:40)
at jdk.proxy2/jdk.proxy2.$Proxy22.get(Unknown Source)
at com.crm.autodesk.objectRepositry.ContactsPage.clickonthirdcheckbox(ContactsPage.java:131)
at com.crm.autodesk.ContactTest.TC_17_selectOneContactclickDuplicateBtn.ViewContact(TC_17_selectOneContactclickDuplicateBtn.java:32)
at java.base/java.util.ArrayList.forEach(ArrayList.java:1511)
... Removed 31 stack frames]]>
    </failure>
  </testcase> <!-- ViewContact -->
  <testcase classname="com.crm.autodesk.ContactTest.TC_18_SendingAMailToSelectedContact" name="sendaaMailToSelectedContact" time="5.322">
    <failure type="java.lang.IndexOutOfBoundsException" message="Index 2 out of bounds for length 1">
      <![CDATA[java.lang.IndexOutOfBoundsException: Index 2 out of bounds for length 1
at java.base/jdk.internal.util.Preconditions.outOfBounds(Preconditions.java:64)
at java.base/jdk.internal.util.Preconditions.outOfBoundsCheckIndex(Preconditions.java:70)
at java.base/jdk.internal.util.Preconditions.checkIndex(Preconditions.java:266)
at java.base/java.util.Objects.checkIndex(Objects.java:359)
at java.base/java.util.ArrayList.get(ArrayList.java:427)
at org.openqa.selenium.support.pagefactory.internal.LocatingElementListHandler.invoke(LocatingElementListHandler.java:40)
at jdk.proxy2/jdk.proxy2.$Proxy22.get(Unknown Source)
at com.crm.autodesk.objectRepositry.ContactsPage.clickonthirdcheckbox(ContactsPage.java:131)
at com.crm.autodesk.ContactTest.TC_18_SendingAMailToSelectedContact.sendaaMailToSelectedContact(TC_18_SendingAMailToSelectedContact.java:30)
at java.base/java.util.ArrayList.forEach(ArrayList.java:1511)
... Removed 31 stack frames]]>
    </failure>
  </testcase> <!-- sendaaMailToSelectedContact -->
  <testcase classname="com.crm.autodesk.GenricUtils.BaseClass" name="@BeforeSuite connectDB" time="0.0">
    <ignored/>
  </testcase> <!-- @BeforeSuite connectDB -->
  <testcase classname="com.crm.autodesk.GenricUtils.BaseClass" name="@BeforeSuite connectDB" time="0.0">
    <ignored/>
  </testcase> <!-- @BeforeSuite connectDB -->
  <testcase classname="com.crm.autodesk.GenricUtils.BaseClass" name="@BeforeSuite connectDB" time="0.0">
    <ignored/>
  </testcase> <!-- @BeforeSuite connectDB -->
  <testcase classname="com.crm.autodesk.GenricUtils.BaseClass" name="@BeforeSuite connectDB" time="0.0">
    <ignored/>
  </testcase> <!-- @BeforeSuite connectDB -->
  <testcase classname="com.crm.autodesk.GenricUtils.BaseClass" name="@AfterSuite closeDB" time="0.0">
    <ignored/>
  </testcase> <!-- @AfterSuite closeDB -->
  <testcase classname="com.crm.autodesk.GenricUtils.BaseClass" name="@AfterSuite closeDB" time="0.0">
    <ignored/>
  </testcase> <!-- @AfterSuite closeDB -->
  <testcase classname="com.crm.autodesk.GenricUtils.BaseClass" name="@AfterSuite closeDB" time="0.0">
    <ignored/>
  </testcase> <!-- @AfterSuite closeDB -->
  <testcase classname="com.crm.autodesk.GenricUtils.BaseClass" name="@AfterSuite closeDB" time="0.0">
    <ignored/>
  </testcase> <!-- @AfterSuite closeDB -->
</testsuite> <!-- Test -->
